<?xml version="1.0" encoding="UTF-8"?>
<!-- Generated by org.testng.reporters.JUnitReportReporter -->
<testsuite hostname="Vinitha" failures="0" tests="3" name="api.TestCase" time="0.012" errors="0" timestamp="2022-07-02T19:42:19 GMT-04:00" skipped="0">
  <testcase classname="api.TestCase" name="Test05" time="0.001"/>
  <system-out/>
  <testcase classname="api.TestCase" name="Test04" time="0.009"/>
  <system-out/>
  <testcase classname="api.TestCase" name="Test02" time="0.002"/>
  <system-out/>
</testsuite> <!-- api.TestCase -->
