<?xml version="1.0" encoding="UTF-8"?>
<!-- Generated by org.testng.reporters.JUnitReportReporter -->
<testsuite hostname="Vinitha" failures="0" tests="6" name="api.LibraryAPI" time="4.832" errors="0" timestamp="2022-06-21T13:30:19 GMT-04:00" skipped="0">
  <testcase classname="api.LibraryAPI" name="addBook" time="0.470"/>
  <system-out/>
  <testcase classname="api.LibraryAPI" name="deleteBook" time="0.916"/>
  <system-out/>
  <testcase classname="api.LibraryAPI" name="addBook" time="0.473"/>
  <system-out/>
  <testcase classname="api.LibraryAPI" name="addBook" time="1.993"/>
  <system-out/>
  <testcase classname="api.LibraryAPI" name="deleteBook" time="0.514"/>
  <system-out/>
  <testcase classname="api.LibraryAPI" name="deleteBook" time="0.466"/>
  <system-out/>
</testsuite> <!-- api.LibraryAPI -->
